#
# There is insufficient memory for the Java Runtime Environment to continue.
# Native memory allocation (malloc) failed to allocate 1862896 bytes. Error detail: Chunk::new
# Possible reasons:
#   The system is out of physical RAM or swap space
#   This process is running with CompressedOops enabled, and the Java Heap may be blocking the growth of the native heap
# Possible solutions:
#   Reduce memory load on the system
#   Increase physical memory or swap space
#   Check if swap backing store is full
#   Decrease Java heap size (-Xmx/-Xms)
#   Decrease number of Java threads
#   Decrease Java thread stack sizes (-Xss)
#   Set larger code cache with -XX:ReservedCodeCacheSize=
#   JVM is running with Unscaled Compressed Oops mode in which the Java heap is
#     placed in the first 4GB address space. The Java Heap base address is the
#     maximum limit for the native heap growth. Please use -XX:HeapBaseMinAddress
#     to set the Java Heap base and to place the Java Heap above 4GB virtual address.
# This output file may be truncated or incomplete.
#
#  Out of Memory Error (arena.cpp:168), pid=5264, tid=61504
#
# JRE version: OpenJDK Runtime Environment Temurin-21.0.6+7 (21.0.6+7) (build 21.0.6+7-LTS)
# Java VM: OpenJDK 64-Bit Server VM Temurin-21.0.6+7 (21.0.6+7-LTS, mixed mode, sharing, tiered, compressed oops, compressed class ptrs, g1 gc, windows-amd64)
# No core dump will be written. Minidumps are not enabled by default on client versions of Windows
#

---------------  S U M M A R Y ------------

Command Line: -Dfile.encoding=UTF-8 -Duser.country=US -Duser.language=en -Duser.variant com.example.cleanshelf.CleanshelfApplication

Host: Intel(R) Core(TM) i5-6300U CPU @ 2.40GHz, 4 cores, 7G,  Windows 11 , 64 bit Build 22000 (10.0.22000.2538)
Time: Sun Apr  6 10:46:13 2025 E. Africa Standard Time elapsed time: 7.312990 seconds (0d 0h 0m 7s)

---------------  T H R E A D  ---------------

Current thread (0x000001e4c0492c60):  JavaThread "C2 CompilerThread0" daemon [_thread_in_native, id=61504, stack(0x0000008dcfc00000,0x0000008dcfd00000) (1024K)]


Current CompileTask:
C2:7313 2150       4       java.lang.invoke.MethodType::makeImpl (109 bytes)

Stack: [0x0000008dcfc00000,0x0000008dcfd00000]
Native frames: (J=compiled Java code, j=interpreted, Vv=VM code, C=native code)
V  [jvm.dll+0x6cdee9]
V  [jvm.dll+0x8a83d1]
V  [jvm.dll+0x8aa8fe]
V  [jvm.dll+0x8aafe3]
V  [jvm.dll+0x27f706]
V  [jvm.dll+0xc500d]
V  [jvm.dll+0xc5543]
V  [jvm.dll+0x3b6752]
V  [jvm.dll+0x382935]
V  [jvm.dll+0x381d9a]
V  [jvm.dll+0x2479f0]
V  [jvm.dll+0x246fcf]
V  [jvm.dll+0x1c75ee]
V  [jvm.dll+0x25685a]
V  [jvm.dll+0x254dfa]
V  [jvm.dll+0x3f0256]
V  [jvm.dll+0x851f8b]
V  [jvm.dll+0x6cc5ed]
C  [ucrtbase.dll+0x26c0c]
C  [KERNEL32.DLL+0x153e0]
C  [ntdll.dll+0x485b]


---------------  P R O C E S S  ---------------

Threads class SMR info:
_java_thread_list=0x000001e5068be980, length=12, elements={
0x000001e4a41346a0, 0x000001e4c047c620, 0x000001e4c047e1e0, 0x000001e4c0481ce0,
0x000001e4c0482730, 0x000001e4c048b190, 0x000001e4c048fd10, 0x000001e4c0492c60,
0x000001e4c04a9880, 0x000001e4c048e960, 0x000001e4c0490a30, 0x000001e4c04910c0
}

Java Threads: ( => current thread )
  0x000001e4a41346a0 JavaThread "main"                              [_thread_in_Java, id=80140, stack(0x0000008dcee00000,0x0000008dcef00000) (1024K)]
  0x000001e4c047c620 JavaThread "Reference Handler"          daemon [_thread_blocked, id=33140, stack(0x0000008dcf600000,0x0000008dcf700000) (1024K)]
  0x000001e4c047e1e0 JavaThread "Finalizer"                  daemon [_thread_blocked, id=75364, stack(0x0000008dcf700000,0x0000008dcf800000) (1024K)]
  0x000001e4c0481ce0 JavaThread "Signal Dispatcher"          daemon [_thread_blocked, id=69864, stack(0x0000008dcf800000,0x0000008dcf900000) (1024K)]
  0x000001e4c0482730 JavaThread "Attach Listener"            daemon [_thread_blocked, id=86524, stack(0x0000008dcf900000,0x0000008dcfa00000) (1024K)]
  0x000001e4c048b190 JavaThread "Service Thread"             daemon [_thread_blocked, id=9132, stack(0x0000008dcfa00000,0x0000008dcfb00000) (1024K)]
  0x000001e4c048fd10 JavaThread "Monitor Deflation Thread"   daemon [_thread_blocked, id=45248, stack(0x0000008dcfb00000,0x0000008dcfc00000) (1024K)]
=>0x000001e4c0492c60 JavaThread "C2 CompilerThread0"         daemon [_thread_in_native, id=61504, stack(0x0000008dcfc00000,0x0000008dcfd00000) (1024K)]
  0x000001e4c04a9880 JavaThread "C1 CompilerThread0"         daemon [_thread_blocked, id=80932, stack(0x0000008dcfd00000,0x0000008dcfe00000) (1024K)]
  0x000001e4c048e960 JavaThread "Notification Thread"        daemon [_thread_blocked, id=47556, stack(0x0000008dcfe00000,0x0000008dcff00000) (1024K)]
  0x000001e4c0490a30 JavaThread "Common-Cleaner"             daemon [_thread_blocked, id=12628, stack(0x0000008dcff00000,0x0000008dd0000000) (1024K)]
  0x000001e4c04910c0 JavaThread "background-preinit"                [_thread_in_vm, id=72424, stack(0x0000008dd0300000,0x0000008dd0400000) (1024K)]
Total: 12

Other Threads:
  0x000001e4c045b8b0 VMThread "VM Thread"                           [id=63076, stack(0x0000008dcf500000,0x0000008dcf600000) (1024K)]
  0x000001e4c044da20 WatcherThread "VM Periodic Task Thread"        [id=50840, stack(0x0000008dcf400000,0x0000008dcf500000) (1024K)]
  0x000001e4a418b2d0 WorkerThread "GC Thread#0"                     [id=12292, stack(0x0000008dcef00000,0x0000008dcf000000) (1024K)]
  0x000001e50626a530 WorkerThread "GC Thread#1"                     [id=81552, stack(0x0000008dd0000000,0x0000008dd0100000) (1024K)]
  0x000001e50626a8d0 WorkerThread "GC Thread#2"                     [id=70464, stack(0x0000008dd0100000,0x0000008dd0200000) (1024K)]
  0x000001e5063208e0 WorkerThread "GC Thread#3"                     [id=88360, stack(0x0000008dd0200000,0x0000008dd0300000) (1024K)]
  0x000001e4a419c0e0 ConcurrentGCThread "G1 Main Marker"            [id=86484, stack(0x0000008dcf000000,0x0000008dcf100000) (1024K)]
  0x000001e4a419e390 WorkerThread "G1 Conc#0"                       [id=86652, stack(0x0000008dcf100000,0x0000008dcf200000) (1024K)]
  0x000001e4c03134e0 ConcurrentGCThread "G1 Refine#0"               [id=36396, stack(0x0000008dcf200000,0x0000008dcf300000) (1024K)]
  0x000001e4a41fc420 ConcurrentGCThread "G1 Service"                [id=49184, stack(0x0000008dcf300000,0x0000008dcf400000) (1024K)]
Total: 10

Threads with active compile tasks:
C2 CompilerThread0  7408 2150       4       java.lang.invoke.MethodType::makeImpl (109 bytes)
Total: 1

VM state: not at safepoint (normal execution)

VM Mutex/Monitor currently owned by a thread: None

Heap address: 0x0000000081c00000, size: 2020 MB, Compressed Oops mode: 32-bit

CDS archive(s) mapped at: [0x000001e4c1000000-0x000001e4c1c80000-0x000001e4c1c80000), size 13107200, SharedBaseAddress: 0x000001e4c1000000, ArchiveRelocationMode: 1.
Compressed class space mapped at: 0x000001e4c2000000-0x000001e502000000, reserved size: 1073741824
Narrow klass base: 0x000001e4c1000000, Narrow klass shift: 0, Narrow klass range: 0x100000000

GC Precious Log:
 CardTable entry size: 512
 Card Set container configuration: InlinePtr #cards 5 size 8 Array Of Cards #cards 12 size 40 Howl #buckets 4 coarsen threshold 1843 Howl Bitmap #cards 512 size 80 coarsen threshold 460 Card regions per heap region 1 cards per card region 2048
 CPUs: 4 total, 4 available
 Memory: 8072M
 Large Page Support: Disabled
 NUMA Support: Disabled
 Compressed Oops: Enabled (32-bit)
 Heap Region Size: 1M
 Heap Min Capacity: 8M
 Heap Initial Capacity: 128M
 Heap Max Capacity: 2020M
 Pre-touch: Disabled
 Parallel Workers: 4
 Concurrent Workers: 1
 Concurrent Refinement Workers: 4
 Periodic GC: Disabled

Heap:
 garbage-first heap   total 131072K, used 11632K [0x0000000081c00000, 0x0000000100000000)
  region size 1024K, 6 young (6144K), 4 survivors (4096K)
 Metaspace       used 16260K, committed 16576K, reserved 1114112K
  class space    used 1974K, committed 2112K, reserved 1048576K

Heap Regions: E=young(eden), S=young(survivor), O=old, HS=humongous(starts), HC=humongous(continues), CS=collection set, F=free, TAMS=top-at-mark-start, PB=parsable bottom
|   0|0x0000000081c00000, 0x0000000081d00000, 0x0000000081d00000|100%|HS|  |TAMS 0x0000000081c00000| PB 0x0000000081c00000| Complete 
|   1|0x0000000081d00000, 0x0000000081e00000, 0x0000000081e00000|100%|HS|  |TAMS 0x0000000081d00000| PB 0x0000000081d00000| Complete 
|   2|0x0000000081e00000, 0x0000000081f00000, 0x0000000081f00000|100%| O|  |TAMS 0x0000000081e00000| PB 0x0000000081e00000| Untracked 
|   3|0x0000000081f00000, 0x0000000082000000, 0x0000000082000000|100%| O|  |TAMS 0x0000000081f00000| PB 0x0000000081f00000| Untracked 
|   4|0x0000000082000000, 0x0000000082100000, 0x0000000082100000|100%| O|  |TAMS 0x0000000082000000| PB 0x0000000082000000| Untracked 
|   5|0x0000000082100000, 0x0000000082200000, 0x0000000082200000|100%| O|  |TAMS 0x0000000082100000| PB 0x0000000082100000| Untracked 
|   6|0x0000000082200000, 0x00000000822b3b58, 0x0000000082300000| 70%| O|  |TAMS 0x0000000082200000| PB 0x0000000082200000| Untracked 
|   7|0x0000000082300000, 0x0000000082300000, 0x0000000082400000|  0%| F|  |TAMS 0x0000000082300000| PB 0x0000000082300000| Untracked 
|   8|0x0000000082400000, 0x0000000082400000, 0x0000000082500000|  0%| F|  |TAMS 0x0000000082400000| PB 0x0000000082400000| Untracked 
|   9|0x0000000082500000, 0x0000000082500000, 0x0000000082600000|  0%| F|  |TAMS 0x0000000082500000| PB 0x0000000082500000| Untracked 
|  10|0x0000000082600000, 0x0000000082600000, 0x0000000082700000|  0%| F|  |TAMS 0x0000000082600000| PB 0x0000000082600000| Untracked 
|  11|0x0000000082700000, 0x0000000082700000, 0x0000000082800000|  0%| F|  |TAMS 0x0000000082700000| PB 0x0000000082700000| Untracked 
|  12|0x0000000082800000, 0x0000000082800000, 0x0000000082900000|  0%| F|  |TAMS 0x0000000082800000| PB 0x0000000082800000| Untracked 
|  13|0x0000000082900000, 0x0000000082900000, 0x0000000082a00000|  0%| F|  |TAMS 0x0000000082900000| PB 0x0000000082900000| Untracked 
|  14|0x0000000082a00000, 0x0000000082a00000, 0x0000000082b00000|  0%| F|  |TAMS 0x0000000082a00000| PB 0x0000000082a00000| Untracked 
|  15|0x0000000082b00000, 0x0000000082b00000, 0x0000000082c00000|  0%| F|  |TAMS 0x0000000082b00000| PB 0x0000000082b00000| Untracked 
|  16|0x0000000082c00000, 0x0000000082c00000, 0x0000000082d00000|  0%| F|  |TAMS 0x0000000082c00000| PB 0x0000000082c00000| Untracked 
|  17|0x0000000082d00000, 0x0000000082d00000, 0x0000000082e00000|  0%| F|  |TAMS 0x0000000082d00000| PB 0x0000000082d00000| Untracked 
|  18|0x0000000082e00000, 0x0000000082e00000, 0x0000000082f00000|  0%| F|  |TAMS 0x0000000082e00000| PB 0x0000000082e00000| Untracked 
|  19|0x0000000082f00000, 0x0000000082f00000, 0x0000000083000000|  0%| F|  |TAMS 0x0000000082f00000| PB 0x0000000082f00000| Untracked 
|  20|0x0000000083000000, 0x0000000083000000, 0x0000000083100000|  0%| F|  |TAMS 0x0000000083000000| PB 0x0000000083000000| Untracked 
|  21|0x0000000083100000, 0x0000000083100000, 0x0000000083200000|  0%| F|  |TAMS 0x0000000083100000| PB 0x0000000083100000| Untracked 
|  22|0x0000000083200000, 0x0000000083200000, 0x0000000083300000|  0%| F|  |TAMS 0x0000000083200000| PB 0x0000000083200000| Untracked 
|  23|0x0000000083300000, 0x0000000083300000, 0x0000000083400000|  0%| F|  |TAMS 0x0000000083300000| PB 0x0000000083300000| Untracked 
|  24|0x0000000083400000, 0x0000000083400000, 0x0000000083500000|  0%| F|  |TAMS 0x0000000083400000| PB 0x0000000083400000| Untracked 
|  25|0x0000000083500000, 0x0000000083500000, 0x0000000083600000|  0%| F|  |TAMS 0x0000000083500000| PB 0x0000000083500000| Untracked 
|  26|0x0000000083600000, 0x0000000083600000, 0x0000000083700000|  0%| F|  |TAMS 0x0000000083600000| PB 0x0000000083600000| Untracked 
|  27|0x0000000083700000, 0x0000000083700000, 0x0000000083800000|  0%| F|  |TAMS 0x0000000083700000| PB 0x0000000083700000| Untracked 
|  28|0x0000000083800000, 0x0000000083800000, 0x0000000083900000|  0%| F|  |TAMS 0x0000000083800000| PB 0x0000000083800000| Untracked 
|  29|0x0000000083900000, 0x0000000083900000, 0x0000000083a00000|  0%| F|  |TAMS 0x0000000083900000| PB 0x0000000083900000| Untracked 
|  30|0x0000000083a00000, 0x0000000083a00000, 0x0000000083b00000|  0%| F|  |TAMS 0x0000000083a00000| PB 0x0000000083a00000| Untracked 
|  31|0x0000000083b00000, 0x0000000083b00000, 0x0000000083c00000|  0%| F|  |TAMS 0x0000000083b00000| PB 0x0000000083b00000| Untracked 
|  32|0x0000000083c00000, 0x0000000083c00000, 0x0000000083d00000|  0%| F|  |TAMS 0x0000000083c00000| PB 0x0000000083c00000| Untracked 
|  33|0x0000000083d00000, 0x0000000083d00000, 0x0000000083e00000|  0%| F|  |TAMS 0x0000000083d00000| PB 0x0000000083d00000| Untracked 
|  34|0x0000000083e00000, 0x0000000083e00000, 0x0000000083f00000|  0%| F|  |TAMS 0x0000000083e00000| PB 0x0000000083e00000| Untracked 
|  35|0x0000000083f00000, 0x0000000083f00000, 0x0000000084000000|  0%| F|  |TAMS 0x0000000083f00000| PB 0x0000000083f00000| Untracked 
|  36|0x0000000084000000, 0x0000000084000000, 0x0000000084100000|  0%| F|  |TAMS 0x0000000084000000| PB 0x0000000084000000| Untracked 
|  37|0x0000000084100000, 0x0000000084100000, 0x0000000084200000|  0%| F|  |TAMS 0x0000000084100000| PB 0x0000000084100000| Untracked 
|  38|0x0000000084200000, 0x0000000084200000, 0x0000000084300000|  0%| F|  |TAMS 0x0000000084200000| PB 0x0000000084200000| Untracked 
|  39|0x0000000084300000, 0x0000000084300000, 0x0000000084400000|  0%| F|  |TAMS 0x0000000084300000| PB 0x0000000084300000| Untracked 
|  40|0x0000000084400000, 0x0000000084400000, 0x0000000084500000|  0%| F|  |TAMS 0x0000000084400000| PB 0x0000000084400000| Untracked 
|  41|0x0000000084500000, 0x0000000084500000, 0x0000000084600000|  0%| F|  |TAMS 0x0000000084500000| PB 0x0000000084500000| Untracked 
|  42|0x0000000084600000, 0x0000000084600000, 0x0000000084700000|  0%| F|  |TAMS 0x0000000084600000| PB 0x0000000084600000| Untracked 
|  43|0x0000000084700000, 0x0000000084700000, 0x0000000084800000|  0%| F|  |TAMS 0x0000000084700000| PB 0x0000000084700000| Untracked 
|  44|0x0000000084800000, 0x0000000084800000, 0x0000000084900000|  0%| F|  |TAMS 0x0000000084800000| PB 0x0000000084800000| Untracked 
|  45|0x0000000084900000, 0x0000000084900000, 0x0000000084a00000|  0%| F|  |TAMS 0x0000000084900000| PB 0x0000000084900000| Untracked 
|  46|0x0000000084a00000, 0x0000000084a00000, 0x0000000084b00000|  0%| F|  |TAMS 0x0000000084a00000| PB 0x0000000084a00000| Untracked 
|  47|0x0000000084b00000, 0x0000000084b00000, 0x0000000084c00000|  0%| F|  |TAMS 0x0000000084b00000| PB 0x0000000084b00000| Untracked 
|  48|0x0000000084c00000, 0x0000000084c00000, 0x0000000084d00000|  0%| F|  |TAMS 0x0000000084c00000| PB 0x0000000084c00000| Untracked 
|  49|0x0000000084d00000, 0x0000000084d00000, 0x0000000084e00000|  0%| F|  |TAMS 0x0000000084d00000| PB 0x0000000084d00000| Untracked 
|  50|0x0000000084e00000, 0x0000000084e00000, 0x0000000084f00000|  0%| F|  |TAMS 0x0000000084e00000| PB 0x0000000084e00000| Untracked 
|  51|0x0000000084f00000, 0x0000000084f00000, 0x0000000085000000|  0%| F|  |TAMS 0x0000000084f00000| PB 0x0000000084f00000| Untracked 
|  52|0x0000000085000000, 0x0000000085000000, 0x0000000085100000|  0%| F|  |TAMS 0x0000000085000000| PB 0x0000000085000000| Untracked 
|  53|0x0000000085100000, 0x0000000085100000, 0x0000000085200000|  0%| F|  |TAMS 0x0000000085100000| PB 0x0000000085100000| Untracked 
|  54|0x0000000085200000, 0x0000000085200000, 0x0000000085300000|  0%| F|  |TAMS 0x0000000085200000| PB 0x0000000085200000| Untracked 
|  55|0x0000000085300000, 0x0000000085300000, 0x0000000085400000|  0%| F|  |TAMS 0x0000000085300000| PB 0x0000000085300000| Untracked 
|  56|0x0000000085400000, 0x0000000085400000, 0x0000000085500000|  0%| F|  |TAMS 0x0000000085400000| PB 0x0000000085400000| Untracked 
|  57|0x0000000085500000, 0x0000000085500000, 0x0000000085600000|  0%| F|  |TAMS 0x0000000085500000| PB 0x0000000085500000| Untracked 
|  58|0x0000000085600000, 0x0000000085600000, 0x0000000085700000|  0%| F|  |TAMS 0x0000000085600000| PB 0x0000000085600000| Untracked 
|  59|0x0000000085700000, 0x0000000085700000, 0x0000000085800000|  0%| F|  |TAMS 0x0000000085700000| PB 0x0000000085700000| Untracked 
|  60|0x0000000085800000, 0x0000000085800000, 0x0000000085900000|  0%| F|  |TAMS 0x0000000085800000| PB 0x0000000085800000| Untracked 
|  61|0x0000000085900000, 0x0000000085900000, 0x0000000085a00000|  0%| F|  |TAMS 0x0000000085900000| PB 0x0000000085900000| Untracked 
|  62|0x0000000085a00000, 0x0000000085a00000, 0x0000000085b00000|  0%| F|  |TAMS 0x0000000085a00000| PB 0x0000000085a00000| Untracked 
|  63|0x0000000085b00000, 0x0000000085b00000, 0x0000000085c00000|  0%| F|  |TAMS 0x0000000085b00000| PB 0x0000000085b00000| Untracked 
|  64|0x0000000085c00000, 0x0000000085c00000, 0x0000000085d00000|  0%| F|  |TAMS 0x0000000085c00000| PB 0x0000000085c00000| Untracked 
|  65|0x0000000085d00000, 0x0000000085d00000, 0x0000000085e00000|  0%| F|  |TAMS 0x0000000085d00000| PB 0x0000000085d00000| Untracked 
|  66|0x0000000085e00000, 0x0000000085e00000, 0x0000000085f00000|  0%| F|  |TAMS 0x0000000085e00000| PB 0x0000000085e00000| Untracked 
|  67|0x0000000085f00000, 0x0000000085f00000, 0x0000000086000000|  0%| F|  |TAMS 0x0000000085f00000| PB 0x0000000085f00000| Untracked 
|  68|0x0000000086000000, 0x0000000086000000, 0x0000000086100000|  0%| F|  |TAMS 0x0000000086000000| PB 0x0000000086000000| Untracked 
|  69|0x0000000086100000, 0x0000000086100000, 0x0000000086200000|  0%| F|  |TAMS 0x0000000086100000| PB 0x0000000086100000| Untracked 
|  70|0x0000000086200000, 0x0000000086200000, 0x0000000086300000|  0%| F|  |TAMS 0x0000000086200000| PB 0x0000000086200000| Untracked 
|  71|0x0000000086300000, 0x0000000086300000, 0x0000000086400000|  0%| F|  |TAMS 0x0000000086300000| PB 0x0000000086300000| Untracked 
|  72|0x0000000086400000, 0x0000000086400000, 0x0000000086500000|  0%| F|  |TAMS 0x0000000086400000| PB 0x0000000086400000| Untracked 
|  73|0x0000000086500000, 0x0000000086500000, 0x0000000086600000|  0%| F|  |TAMS 0x0000000086500000| PB 0x0000000086500000| Untracked 
|  74|0x0000000086600000, 0x0000000086600000, 0x0000000086700000|  0%| F|  |TAMS 0x0000000086600000| PB 0x0000000086600000| Untracked 
|  75|0x0000000086700000, 0x0000000086700000, 0x0000000086800000|  0%| F|  |TAMS 0x0000000086700000| PB 0x0000000086700000| Untracked 
|  76|0x0000000086800000, 0x0000000086800000, 0x0000000086900000|  0%| F|  |TAMS 0x0000000086800000| PB 0x0000000086800000| Untracked 
|  77|0x0000000086900000, 0x0000000086900000, 0x0000000086a00000|  0%| F|  |TAMS 0x0000000086900000| PB 0x0000000086900000| Untracked 
|  78|0x0000000086a00000, 0x0000000086a00000, 0x0000000086b00000|  0%| F|  |TAMS 0x0000000086a00000| PB 0x0000000086a00000| Untracked 
|  79|0x0000000086b00000, 0x0000000086b00000, 0x0000000086c00000|  0%| F|  |TAMS 0x0000000086b00000| PB 0x0000000086b00000| Untracked 
|  80|0x0000000086c00000, 0x0000000086c00000, 0x0000000086d00000|  0%| F|  |TAMS 0x0000000086c00000| PB 0x0000000086c00000| Untracked 
|  81|0x0000000086d00000, 0x0000000086d00000, 0x0000000086e00000|  0%| F|  |TAMS 0x0000000086d00000| PB 0x0000000086d00000| Untracked 
|  82|0x0000000086e00000, 0x0000000086e00000, 0x0000000086f00000|  0%| F|  |TAMS 0x0000000086e00000| PB 0x0000000086e00000| Untracked 
|  83|0x0000000086f00000, 0x0000000086f00000, 0x0000000087000000|  0%| F|  |TAMS 0x0000000086f00000| PB 0x0000000086f00000| Untracked 
|  84|0x0000000087000000, 0x0000000087000000, 0x0000000087100000|  0%| F|  |TAMS 0x0000000087000000| PB 0x0000000087000000| Untracked 
|  85|0x0000000087100000, 0x0000000087100000, 0x0000000087200000|  0%| F|  |TAMS 0x0000000087100000| PB 0x0000000087100000| Untracked 
|  86|0x0000000087200000, 0x0000000087200000, 0x0000000087300000|  0%| F|  |TAMS 0x0000000087200000| PB 0x0000000087200000| Untracked 
|  87|0x0000000087300000, 0x0000000087300000, 0x0000000087400000|  0%| F|  |TAMS 0x0000000087300000| PB 0x0000000087300000| Untracked 
|  88|0x0000000087400000, 0x0000000087400000, 0x0000000087500000|  0%| F|  |TAMS 0x0000000087400000| PB 0x0000000087400000| Untracked 
|  89|0x0000000087500000, 0x00000000875a8840, 0x0000000087600000| 65%| S|CS|TAMS 0x0000000087500000| PB 0x0000000087500000| Complete 
|  90|0x0000000087600000, 0x0000000087700000, 0x0000000087700000|100%| S|CS|TAMS 0x0000000087600000| PB 0x0000000087600000| Complete 
|  91|0x0000000087700000, 0x0000000087800000, 0x0000000087800000|100%| S|CS|TAMS 0x0000000087700000| PB 0x0000000087700000| Complete 
|  92|0x0000000087800000, 0x0000000087900000, 0x0000000087900000|100%| S|CS|TAMS 0x0000000087800000| PB 0x0000000087800000| Complete 
|  93|0x0000000087900000, 0x0000000087900000, 0x0000000087a00000|  0%| F|  |TAMS 0x0000000087900000| PB 0x0000000087900000| Untracked 
|  94|0x0000000087a00000, 0x0000000087a00000, 0x0000000087b00000|  0%| F|  |TAMS 0x0000000087a00000| PB 0x0000000087a00000| Untracked 
|  95|0x0000000087b00000, 0x0000000087b00000, 0x0000000087c00000|  0%| F|  |TAMS 0x0000000087b00000| PB 0x0000000087b00000| Untracked 
|  96|0x0000000087c00000, 0x0000000087c00000, 0x0000000087d00000|  0%| F|  |TAMS 0x0000000087c00000| PB 0x0000000087c00000| Untracked 
|  97|0x0000000087d00000, 0x0000000087d00000, 0x0000000087e00000|  0%| F|  |TAMS 0x0000000087d00000| PB 0x0000000087d00000| Untracked 
|  98|0x0000000087e00000, 0x0000000087e00000, 0x0000000087f00000|  0%| F|  |TAMS 0x0000000087e00000| PB 0x0000000087e00000| Untracked 
|  99|0x0000000087f00000, 0x0000000087f00000, 0x0000000088000000|  0%| F|  |TAMS 0x0000000087f00000| PB 0x0000000087f00000| Untracked 
| 100|0x0000000088000000, 0x0000000088000000, 0x0000000088100000|  0%| F|  |TAMS 0x0000000088000000| PB 0x0000000088000000| Untracked 
| 101|0x0000000088100000, 0x0000000088100000, 0x0000000088200000|  0%| F|  |TAMS 0x0000000088100000| PB 0x0000000088100000| Untracked 
| 102|0x0000000088200000, 0x0000000088200000, 0x0000000088300000|  0%| F|  |TAMS 0x0000000088200000| PB 0x0000000088200000| Untracked 
| 103|0x0000000088300000, 0x0000000088300000, 0x0000000088400000|  0%| F|  |TAMS 0x0000000088300000| PB 0x0000000088300000| Untracked 
| 104|0x0000000088400000, 0x0000000088400000, 0x0000000088500000|  0%| F|  |TAMS 0x0000000088400000| PB 0x0000000088400000| Untracked 
| 105|0x0000000088500000, 0x0000000088500000, 0x0000000088600000|  0%| F|  |TAMS 0x0000000088500000| PB 0x0000000088500000| Untracked 
| 106|0x0000000088600000, 0x0000000088600000, 0x0000000088700000|  0%| F|  |TAMS 0x0000000088600000| PB 0x0000000088600000| Untracked 
| 107|0x0000000088700000, 0x0000000088700000, 0x0000000088800000|  0%| F|  |TAMS 0x0000000088700000| PB 0x0000000088700000| Untracked 
| 108|0x0000000088800000, 0x0000000088800000, 0x0000000088900000|  0%| F|  |TAMS 0x0000000088800000| PB 0x0000000088800000| Untracked 
| 109|0x0000000088900000, 0x0000000088900000, 0x0000000088a00000|  0%| F|  |TAMS 0x0000000088900000| PB 0x0000000088900000| Untracked 
| 110|0x0000000088a00000, 0x0000000088a00000, 0x0000000088b00000|  0%| F|  |TAMS 0x0000000088a00000| PB 0x0000000088a00000| Untracked 
| 111|0x0000000088b00000, 0x0000000088b00000, 0x0000000088c00000|  0%| F|  |TAMS 0x0000000088b00000| PB 0x0000000088b00000| Untracked 
| 112|0x0000000088c00000, 0x0000000088c00000, 0x0000000088d00000|  0%| F|  |TAMS 0x0000000088c00000| PB 0x0000000088c00000| Untracked 
| 113|0x0000000088d00000, 0x0000000088d00000, 0x0000000088e00000|  0%| F|  |TAMS 0x0000000088d00000| PB 0x0000000088d00000| Untracked 
| 114|0x0000000088e00000, 0x0000000088e00000, 0x0000000088f00000|  0%| F|  |TAMS 0x0000000088e00000| PB 0x0000000088e00000| Untracked 
| 115|0x0000000088f00000, 0x0000000088f00000, 0x0000000089000000|  0%| F|  |TAMS 0x0000000088f00000| PB 0x0000000088f00000| Untracked 
| 116|0x0000000089000000, 0x0000000089000000, 0x0000000089100000|  0%| F|  |TAMS 0x0000000089000000| PB 0x0000000089000000| Untracked 
| 117|0x0000000089100000, 0x0000000089100000, 0x0000000089200000|  0%| F|  |TAMS 0x0000000089100000| PB 0x0000000089100000| Untracked 
| 118|0x0000000089200000, 0x0000000089200000, 0x0000000089300000|  0%| F|  |TAMS 0x0000000089200000| PB 0x0000000089200000| Untracked 
| 119|0x0000000089300000, 0x0000000089300000, 0x0000000089400000|  0%| F|  |TAMS 0x0000000089300000| PB 0x0000000089300000| Untracked 
| 120|0x0000000089400000, 0x0000000089400000, 0x0000000089500000|  0%| F|  |TAMS 0x0000000089400000| PB 0x0000000089400000| Untracked 
| 121|0x0000000089500000, 0x0000000089500000, 0x0000000089600000|  0%| F|  |TAMS 0x0000000089500000| PB 0x0000000089500000| Untracked 
| 122|0x0000000089600000, 0x0000000089600000, 0x0000000089700000|  0%| F|  |TAMS 0x0000000089600000| PB 0x0000000089600000| Untracked 
| 123|0x0000000089700000, 0x0000000089700000, 0x0000000089800000|  0%| F|  |TAMS 0x0000000089700000| PB 0x0000000089700000| Untracked 
| 124|0x0000000089800000, 0x0000000089800000, 0x0000000089900000|  0%| F|  |TAMS 0x0000000089800000| PB 0x0000000089800000| Untracked 
| 125|0x0000000089900000, 0x0000000089900000, 0x0000000089a00000|  0%| F|  |TAMS 0x0000000089900000| PB 0x0000000089900000| Untracked 
| 126|0x0000000089a00000, 0x0000000089b00000, 0x0000000089b00000|100%| E|  |TAMS 0x0000000089a00000| PB 0x0000000089a00000| Complete 
| 127|0x0000000089b00000, 0x0000000089c00000, 0x0000000089c00000|100%| E|CS|TAMS 0x0000000089b00000| PB 0x0000000089b00000| Complete 

Card table byte_map: [0x000001e4bbc20000,0x000001e4bc020000] _byte_map_base: 0x000001e4bb812000

Marking Bits: (CMBitMap*) 0x000001e4a418b9d0
 Bits: [0x000001e4bc020000, 0x000001e4bdfb0000)

Polling page: 0x000001e4a2000000

Metaspace:

Usage:
  Non-class:     13.95 MB used.
      Class:      1.93 MB used.
       Both:     15.88 MB used.

Virtual space:
  Non-class space:       64.00 MB reserved,      14.12 MB ( 22%) committed,  1 nodes.
      Class space:        1.00 GB reserved,       2.06 MB ( <1%) committed,  1 nodes.
             Both:        1.06 GB reserved,      16.19 MB (  1%) committed. 

Chunk freelists:
   Non-Class:  1008.00 KB
       Class:  13.86 MB
        Both:  14.84 MB

MaxMetaspaceSize: unlimited
CompressedClassSpaceSize: 1.00 GB
Initial GC threshold: 21.00 MB
Current GC threshold: 21.00 MB
CDS: on
 - commit_granule_bytes: 65536.
 - commit_granule_words: 8192.
 - virtual_space_node_default_size: 8388608.
 - enlarge_chunks_in_place: 1.
 - use_allocation_guard: 0.


Internal statistics:

num_allocs_failed_limit: 0.
num_arena_births: 300.
num_arena_deaths: 0.
num_vsnodes_births: 2.
num_vsnodes_deaths: 0.
num_space_committed: 259.
num_space_uncommitted: 0.
num_chunks_returned_to_freelist: 0.
num_chunks_taken_from_freelist: 855.
num_chunk_merges: 0.
num_chunk_splits: 558.
num_chunks_enlarged: 403.
num_inconsistent_stats: 0.

CodeHeap 'non-profiled nmethods': size=120000Kb used=794Kb max_used=794Kb free=119205Kb
 bounds [0x000001e4b42f0000, 0x000001e4b4560000, 0x000001e4bb820000]
CodeHeap 'profiled nmethods': size=120000Kb used=4229Kb max_used=4229Kb free=115771Kb
 bounds [0x000001e4ac820000, 0x000001e4acc50000, 0x000001e4b3d50000]
CodeHeap 'non-nmethods': size=5760Kb used=1424Kb max_used=1461Kb free=4335Kb
 bounds [0x000001e4b3d50000, 0x000001e4b3fc0000, 0x000001e4b42f0000]
 total_blobs=2717 nmethods=2206 adapters=415
 compilation: enabled
              stopped_count=0, restarted_count=0
 full_count=0

Compilation events (20 events):
Event: 6.857 Thread 0x000001e4c04a9880 2201       3       org.springframework.util.ConcurrentReferenceHashMap::put (32 bytes)
Event: 6.858 Thread 0x000001e4c04a9880 nmethod 2201 0x000001e4acc38310 code [0x000001e4acc38500, 0x000001e4acc38bd8]
Event: 6.981 Thread 0x000001e4c04a9880 2202       3       java.lang.Character::digit (6 bytes)
Event: 6.981 Thread 0x000001e4c04a9880 nmethod 2202 0x000001e4acc38e10 code [0x000001e4acc38fe0, 0x000001e4acc39240]
Event: 6.981 Thread 0x000001e4c04a9880 2203       3       java.lang.CharacterDataLatin1::digit (32 bytes)
Event: 6.982 Thread 0x000001e4c04a9880 nmethod 2203 0x000001e4acc39390 code [0x000001e4acc39540, 0x000001e4acc39780]
Event: 6.983 Thread 0x000001e4c04a9880 2204       3       java.nio.CharBuffer::arrayOffset (35 bytes)
Event: 6.984 Thread 0x000001e4c04a9880 nmethod 2204 0x000001e4acc39890 code [0x000001e4acc39a60, 0x000001e4acc39d30]
Event: 6.985 Thread 0x000001e4c04a9880 2205       3       java.nio.charset.CoderResult::isUnderflow (13 bytes)
Event: 6.986 Thread 0x000001e4c04a9880 nmethod 2205 0x000001e4acc39e90 code [0x000001e4acc3a020, 0x000001e4acc3a180]
Event: 6.986 Thread 0x000001e4c04a9880 2206   !   3       sun.net.www.ParseUtil::decode (349 bytes)
Event: 6.994 Thread 0x000001e4c04a9880 nmethod 2206 0x000001e4acc3a210 code [0x000001e4acc3a860, 0x000001e4acc3db68]
Event: 7.030 Thread 0x000001e4c04a9880 2207  s    3       java.util.Properties::put (10 bytes)
Event: 7.031 Thread 0x000001e4c04a9880 nmethod 2207 0x000001e4acc3f010 code [0x000001e4acc3f1c0, 0x000001e4acc3f438]
Event: 7.073 Thread 0x000001e4c04a9880 2208   !   3       jdk.internal.loader.BuiltinClassLoader$2::run (114 bytes)
Event: 7.076 Thread 0x000001e4c04a9880 nmethod 2208 0x000001e4acc3f590 code [0x000001e4acc3f840, 0x000001e4acc40688]
Event: 7.102 Thread 0x000001e4c04a9880 2209       1       java.util.logging.LogManager$LoggerContext::getOwner (5 bytes)
Event: 7.103 Thread 0x000001e4c04a9880 nmethod 2209 0x000001e4b43b6690 code [0x000001e4b43b6820, 0x000001e4b43b68e8]
Event: 7.143 Thread 0x000001e4c04a9880 2210       3       java.lang.invoke.DirectMethodHandle$Holder::invokeStatic (20 bytes)
Event: 7.143 Thread 0x000001e4c04a9880 nmethod 2210 0x000001e4acc40b90 code [0x000001e4acc40d60, 0x000001e4acc412a8]

GC Heap History (6 events):
Event: 1.764 GC heap before
{Heap before GC invocations=0 (full 0):
 garbage-first heap   total 131072K, used 14336K [0x0000000081c00000, 0x0000000100000000)
  region size 1024K, 13 young (13312K), 0 survivors (0K)
 Metaspace       used 3219K, committed 3328K, reserved 1114112K
  class space    used 341K, committed 384K, reserved 1048576K
}
Event: 1.774 GC heap after
{Heap after GC invocations=1 (full 0):
 garbage-first heap   total 131072K, used 6615K [0x0000000081c00000, 0x0000000100000000)
  region size 1024K, 2 young (2048K), 2 survivors (2048K)
 Metaspace       used 3219K, committed 3328K, reserved 1114112K
  class space    used 341K, committed 384K, reserved 1048576K
}
Event: 2.916 GC heap before
{Heap before GC invocations=1 (full 0):
 garbage-first heap   total 131072K, used 19927K [0x0000000081c00000, 0x0000000100000000)
  region size 1024K, 15 young (15360K), 2 survivors (2048K)
 Metaspace       used 7120K, committed 7360K, reserved 1114112K
  class space    used 846K, committed 960K, reserved 1048576K
}
Event: 2.927 GC heap after
{Heap after GC invocations=2 (full 0):
 garbage-first heap   total 131072K, used 8183K [0x0000000081c00000, 0x0000000100000000)
  region size 1024K, 2 young (2048K), 2 survivors (2048K)
 Metaspace       used 7120K, committed 7360K, reserved 1114112K
  class space    used 846K, committed 960K, reserved 1048576K
}
Event: 6.702 GC heap before
{Heap before GC invocations=2 (full 0):
 garbage-first heap   total 131072K, used 40951K [0x0000000081c00000, 0x0000000100000000)
  region size 1024K, 35 young (35840K), 2 survivors (2048K)
 Metaspace       used 15833K, committed 16128K, reserved 1114112K
  class space    used 1935K, committed 2048K, reserved 1048576K
}
Event: 6.712 GC heap after
{Heap after GC invocations=3 (full 0):
 garbage-first heap   total 131072K, used 10608K [0x0000000081c00000, 0x0000000100000000)
  region size 1024K, 4 young (4096K), 4 survivors (4096K)
 Metaspace       used 15833K, committed 16128K, reserved 1114112K
  class space    used 1935K, committed 2048K, reserved 1048576K
}

Dll operation events (6 events):
Event: 0.027 Loaded shared library C:\Program Files\Eclipse Adoptium\jdk-21.0.6.7-hotspot\bin\java.dll
Event: 0.124 Loaded shared library C:\Program Files\Eclipse Adoptium\jdk-21.0.6.7-hotspot\bin\jsvml.dll
Event: 0.339 Loaded shared library C:\Program Files\Eclipse Adoptium\jdk-21.0.6.7-hotspot\bin\net.dll
Event: 0.348 Loaded shared library C:\Program Files\Eclipse Adoptium\jdk-21.0.6.7-hotspot\bin\nio.dll
Event: 0.361 Loaded shared library C:\Program Files\Eclipse Adoptium\jdk-21.0.6.7-hotspot\bin\zip.dll
Event: 1.003 Loaded shared library C:\Program Files\Eclipse Adoptium\jdk-21.0.6.7-hotspot\bin\jimage.dll

Deoptimization events (20 events):
Event: 6.527 Thread 0x000001e4a41346a0 Uncommon trap: trap_request=0xffffff45 fr.pc=0x000001e4b436e798 relative=0x00000000000000f8
Event: 6.527 Thread 0x000001e4a41346a0 Uncommon trap: reason=unstable_if action=reinterpret pc=0x000001e4b436e798 method=java.util.Arrays.equals([Ljava/lang/Object;[Ljava/lang/Object;)Z @ 44 c2
Event: 6.527 Thread 0x000001e4a41346a0 DEOPT PACKING pc=0x000001e4b436e798 sp=0x0000008dceefd650
Event: 6.527 Thread 0x000001e4a41346a0 DEOPT UNPACKING pc=0x000001e4b3da46a2 sp=0x0000008dceefd5f0 mode 2
Event: 6.699 Thread 0x000001e4a41346a0 Uncommon trap: trap_request=0xffffffc6 fr.pc=0x000001e4b4386abc relative=0x00000000000008fc
Event: 6.701 Thread 0x000001e4a41346a0 Uncommon trap: reason=bimorphic_or_optimized_type_check action=maybe_recompile pc=0x000001e4b4386abc method=java.util.HashMap.putVal(ILjava/lang/Object;Ljava/lang/Object;ZZ)Ljava/lang/Object; @ 91 c2
Event: 6.701 Thread 0x000001e4a41346a0 DEOPT PACKING pc=0x000001e4b4386abc sp=0x0000008dceefe6c0
Event: 6.701 Thread 0x000001e4a41346a0 DEOPT UNPACKING pc=0x000001e4b3da46a2 sp=0x0000008dceefe5d0 mode 2
Event: 6.701 Thread 0x000001e4a41346a0 Uncommon trap: trap_request=0xffffffc6 fr.pc=0x000001e4b4386abc relative=0x00000000000008fc
Event: 6.701 Thread 0x000001e4a41346a0 Uncommon trap: reason=bimorphic_or_optimized_type_check action=maybe_recompile pc=0x000001e4b4386abc method=java.util.HashMap.putVal(ILjava/lang/Object;Ljava/lang/Object;ZZ)Ljava/lang/Object; @ 91 c2
Event: 6.701 Thread 0x000001e4a41346a0 DEOPT PACKING pc=0x000001e4b4386abc sp=0x0000008dceefe750
Event: 6.701 Thread 0x000001e4a41346a0 DEOPT UNPACKING pc=0x000001e4b3da46a2 sp=0x0000008dceefe660 mode 2
Event: 6.722 Thread 0x000001e4a41346a0 Uncommon trap: trap_request=0xffffff45 fr.pc=0x000001e4b4392c10 relative=0x0000000000000230
Event: 6.722 Thread 0x000001e4a41346a0 Uncommon trap: reason=unstable_if action=reinterpret pc=0x000001e4b4392c10 method=java.util.concurrent.ConcurrentHashMap.addCount(JI)V @ 34 c2
Event: 6.723 Thread 0x000001e4a41346a0 DEOPT PACKING pc=0x000001e4b4392c10 sp=0x0000008dceefd180
Event: 6.723 Thread 0x000001e4a41346a0 DEOPT UNPACKING pc=0x000001e4b3da46a2 sp=0x0000008dceefd0c0 mode 2
Event: 6.761 Thread 0x000001e4c04910c0 Uncommon trap: trap_request=0xffffff45 fr.pc=0x000001e4b43892c8 relative=0x0000000000000168
Event: 6.761 Thread 0x000001e4c04910c0 Uncommon trap: reason=unstable_if action=reinterpret pc=0x000001e4b43892c8 method=java.util.regex.Pattern$BmpCharPropertyGreedy.match(Ljava/util/regex/Matcher;ILjava/lang/CharSequence;)Z @ 12 c2
Event: 6.761 Thread 0x000001e4c04910c0 DEOPT PACKING pc=0x000001e4b43892c8 sp=0x0000008dd03fdb30
Event: 6.761 Thread 0x000001e4c04910c0 DEOPT UNPACKING pc=0x000001e4b3da46a2 sp=0x0000008dd03fdac8 mode 2

Classes loaded (20 events):
Event: 6.764 Loading class sun/util/resources/OpenListResourceBundle done
Event: 6.764 Loading class sun/util/resources/TimeZoneNamesBundle done
Event: 6.764 Loading class sun/util/resources/cldr/TimeZoneNames done
Event: 6.764 Loading class sun/util/resources/cldr/TimeZoneNames_en
Event: 6.774 Loading class sun/util/resources/cldr/TimeZoneNames_en done
Event: 6.775 Loading class sun/util/resources/cldr/TimeZoneNames_en_US
Event: 6.775 Loading class sun/util/resources/cldr/TimeZoneNames_en_US done
Event: 6.777 Loading class sun/util/cldr/CLDRBaseLocaleDataMetaInfo$TZCanonicalIDMapHolder
Event: 6.778 Loading class sun/util/cldr/CLDRBaseLocaleDataMetaInfo$TZCanonicalIDMapHolder done
Event: 6.784 Loading class sun/util/resources/TimeZoneNames
Event: 6.814 Loading class sun/util/resources/TimeZoneNames done
Event: 6.816 Loading class sun/util/resources/TimeZoneNames_en
Event: 6.816 Loading class sun/util/resources/TimeZoneNames_en done
Event: 7.144 Loading class java/util/ResourceBundle$ResourceBundleControlProviderHolder
Event: 7.145 Loading class java/util/ResourceBundle$ResourceBundleControlProviderHolder done
Event: 7.147 Loading class java/util/spi/ResourceBundleControlProvider
Event: 7.148 Loading class java/util/spi/ResourceBundleControlProvider done
Event: 7.151 Loading class java/util/ResourceBundle$CacheKey
Event: 7.160 Loading class java/util/ResourceBundle$CacheKey done
Event: 7.181 Loading class java/util/ResourceBundle$KeyElementReference

Classes unloaded (0 events):
No events

Classes redefined (0 events):
No events

Internal exceptions (20 events):
Event: 2.881 Thread 0x000001e4a41346a0 Exception <a 'java/lang/NoSuchMethodError'{0x0000000088f73650}: 'void java.lang.invoke.DirectMethodHandle$Holder.invokeStaticInit(java.lang.Object, java.lang.Object, java.lang.Object)'> (0x0000000088f73650) 
thrown [s\src\hotspot\share\interpreter\linkResolver.cpp, line 773]
Event: 2.896 Thread 0x000001e4a41346a0 Exception <a 'java/lang/NoSuchMethodError'{0x0000000088fbc650}: 'java.lang.Object java.lang.invoke.DirectMethodHandle$Holder.invokeVirtual(java.lang.Object, java.lang.Object, java.lang.Object)'> (0x0000000088fbc650) 
thrown [s\src\hotspot\share\interpreter\linkResolver.cpp, line 773]
Event: 2.994 Thread 0x000001e4a41346a0 Exception <a 'java/lang/NoSuchMethodError'{0x0000000089bb3680}: 'void java.lang.invoke.DirectMethodHandle$Holder.invokeVirtual(java.lang.Object, java.lang.Object, java.lang.Object, java.lang.Object)'> (0x0000000089bb3680) 
thrown [s\src\hotspot\share\interpreter\linkResolver.cpp, line 773]
Event: 3.260 Thread 0x000001e4a41346a0 Exception <a 'java/lang/NoSuchMethodError'{0x0000000089828dd8}: 'void java.lang.invoke.DirectMethodHandle$Holder.invokeSpecial(java.lang.Object, java.lang.Object, java.lang.Object)'> (0x0000000089828dd8) 
thrown [s\src\hotspot\share\interpreter\linkResolver.cpp, line 773]
Event: 3.298 Thread 0x000001e4a41346a0 Exception <a 'java/lang/NoSuchMethodError'{0x0000000089866910}: 'java.lang.reflect.Field[] java.lang.Class.getDeclaredFields(java.lang.Class)'> (0x0000000089866910) 
thrown [s\src\hotspot\share\interpreter\linkResolver.cpp, line 773]
Event: 3.309 Thread 0x000001e4a41346a0 Exception <a 'java/lang/NoSuchMethodError'{0x000000008986b320}: 'java.lang.Object java.lang.invoke.DirectMethodHandle$Holder.invokeStatic(java.lang.Object, java.lang.Object, int)'> (0x000000008986b320) 
thrown [s\src\hotspot\share\interpreter\linkResolver.cpp, line 773]
Event: 3.322 Thread 0x000001e4a41346a0 Exception <a 'java/lang/NoSuchMethodError'{0x00000000898764c0}: 'void java.lang.invoke.DelegatingMethodHandle$Holder.delegate(java.lang.Object, java.lang.Object, int, java.lang.Object)'> (0x00000000898764c0) 
thrown [s\src\hotspot\share\interpreter\linkResolver.cpp, line 773]
Event: 3.329 Thread 0x000001e4c04910c0 Exception <a 'java/lang/NoClassDefFoundError'{0x000000008989baf0}: jakarta/validation/Validation> (0x000000008989baf0) 
thrown [s\src\hotspot\share\classfile\systemDictionary.cpp, line 301]
Event: 3.450 Thread 0x000001e4a41346a0 Exception <a 'java/lang/IncompatibleClassChangeError'{0x00000000897cd1c0}: Found class java.lang.Object, but interface was expected> (0x00000000897cd1c0) 
thrown [s\src\hotspot\share\interpreter\linkResolver.cpp, line 840]
Event: 3.473 Thread 0x000001e4a41346a0 Exception <a 'java/lang/NoSuchMethodError'{0x0000000089608f78}: 'java.lang.Object java.lang.invoke.DirectMethodHandle$Holder.invokeStaticInit(java.lang.Object, int)'> (0x0000000089608f78) 
thrown [s\src\hotspot\share\interpreter\linkResolver.cpp, line 773]
Event: 3.488 Thread 0x000001e4a41346a0 Exception <a 'java/lang/NoSuchMethodError'{0x0000000089613490}: 'java.lang.Object java.lang.invoke.DirectMethodHandle$Holder.invokeStatic(java.lang.Object, int, java.lang.Object)'> (0x0000000089613490) 
thrown [s\src\hotspot\share\interpreter\linkResolver.cpp, line 773]
Event: 3.489 Thread 0x000001e4a41346a0 Exception <a 'java/lang/NoSuchMethodError'{0x0000000089616b20}: 'java.lang.Object java.lang.invoke.DirectMethodHandle$Holder.invokeStaticInit(java.lang.Object, int, java.lang.Object)'> (0x0000000089616b20) 
thrown [s\src\hotspot\share\interpreter\linkResolver.cpp, line 773]
Event: 6.128 Thread 0x000001e4a41346a0 Exception <a 'java/lang/NoSuchMethodError'{0x0000000087f72b28}: 'int java.lang.invoke.DirectMethodHandle$Holder.invokeSpecial(java.lang.Object, java.lang.Object, java.lang.Object, java.lang.Object, java.lang.Object)'> (0x0000000087f72b28) 
thrown [s\src\hotspot\share\interpreter\linkResolver.cpp, line 773]
Event: 6.148 Thread 0x000001e4a41346a0 Exception <a 'java/lang/NoSuchMethodError'{0x0000000087f7b110}: 'void java.lang.invoke.DirectMethodHandle$Holder.invokeVirtual(java.lang.Object, java.lang.Object)'> (0x0000000087f7b110) 
thrown [s\src\hotspot\share\interpreter\linkResolver.cpp, line 773]
Event: 6.663 Thread 0x000001e4c04910c0 Exception <a 'java/lang/NoSuchMethodError'{0x0000000087983cd0}: 'long java.lang.invoke.DirectMethodHandle$Holder.invokeSpecial(java.lang.Object, java.lang.Object)'> (0x0000000087983cd0) 
thrown [s\src\hotspot\share\interpreter\linkResolver.cpp, line 773]
Event: 6.674 Thread 0x000001e4c04910c0 Exception <a 'java/lang/NoSuchMethodError'{0x000000008798d890}: 'long java.lang.invoke.DirectMethodHandle$Holder.invokeStatic(java.lang.Object, java.lang.Object)'> (0x000000008798d890) 
thrown [s\src\hotspot\share\interpreter\linkResolver.cpp, line 773]
Event: 6.674 Thread 0x000001e4c04910c0 Exception <a 'java/lang/NoSuchMethodError'{0x0000000087990988}: 'long java.lang.invoke.DirectMethodHandle$Holder.invokeStaticInit(java.lang.Object, java.lang.Object)'> (0x0000000087990988) 
thrown [s\src\hotspot\share\interpreter\linkResolver.cpp, line 773]
Event: 6.678 Thread 0x000001e4c04910c0 Exception <a 'java/lang/NoSuchMethodError'{0x000000008799cbd8}: 'long java.lang.invoke.DirectMethodHandle$Holder.invokeInterface(java.lang.Object, java.lang.Object)'> (0x000000008799cbd8) 
thrown [s\src\hotspot\share\interpreter\linkResolver.cpp, line 773]
Event: 6.682 Thread 0x000001e4c04910c0 Exception <a 'java/lang/IncompatibleClassChangeError'{0x000000008799fbf8}: Found class java.lang.Object, but interface was expected> (0x000000008799fbf8) 
thrown [s\src\hotspot\share\interpreter\linkResolver.cpp, line 840]
Event: 6.701 Thread 0x000001e4c04910c0 Exception <a 'java/lang/NoSuchMethodError'{0x00000000879fc3a8}: 'java.lang.Object java.lang.invoke.DirectMethodHandle$Holder.invokeVirtual(java.lang.Object, java.lang.Object, java.lang.Object, java.lang.Object)'> (0x00000000879fc3a8) 
thrown [s\src\hotspot\share\interpreter\linkResolver.cpp, line 773]

ZGC Phase Switch (0 events):
No events

VM Operations (20 events):
Event: 2.916 Executing VM operation: G1CollectForAllocation (G1 Evacuation Pause)
Event: 2.927 Executing VM operation: G1CollectForAllocation (G1 Evacuation Pause) done
Event: 3.236 Executing VM operation: HandshakeAllThreads (Deoptimize)
Event: 3.236 Executing VM operation: HandshakeAllThreads (Deoptimize) done
Event: 3.250 Executing VM operation: HandshakeAllThreads (Deoptimize)
Event: 3.250 Executing VM operation: HandshakeAllThreads (Deoptimize) done
Event: 3.301 Executing VM operation: HandshakeAllThreads (Deoptimize)
Event: 3.302 Executing VM operation: HandshakeAllThreads (Deoptimize) done
Event: 4.300 Executing VM operation: Cleanup
Event: 4.301 Executing VM operation: Cleanup done
Event: 5.156 Executing VM operation: HandshakeAllThreads (Deoptimize)
Event: 5.157 Executing VM operation: HandshakeAllThreads (Deoptimize) done
Event: 5.485 Executing VM operation: HandshakeAllThreads (Deoptimize)
Event: 5.488 Executing VM operation: HandshakeAllThreads (Deoptimize) done
Event: 5.488 Executing VM operation: Cleanup
Event: 5.488 Executing VM operation: Cleanup done
Event: 6.039 Executing VM operation: HandshakeAllThreads (Deoptimize)
Event: 6.039 Executing VM operation: HandshakeAllThreads (Deoptimize) done
Event: 6.702 Executing VM operation: G1CollectForAllocation (G1 Evacuation Pause)
Event: 6.713 Executing VM operation: G1CollectForAllocation (G1 Evacuation Pause) done

Memory protections (0 events):
No events

Nmethod flushes (0 events):
No events

Events (12 events):
Event: 0.071 Thread 0x000001e4a41346a0 Thread added: 0x000001e4a41346a0
Event: 0.114 Thread 0x000001e4a41346a0 Thread added: 0x000001e4c047c620
Event: 0.115 Thread 0x000001e4a41346a0 Thread added: 0x000001e4c047e1e0
Event: 0.115 Thread 0x000001e4a41346a0 Thread added: 0x000001e4c0481ce0
Event: 0.116 Thread 0x000001e4a41346a0 Thread added: 0x000001e4c0482730
Event: 0.116 Thread 0x000001e4a41346a0 Thread added: 0x000001e4c048b190
Event: 0.116 Thread 0x000001e4a41346a0 Thread added: 0x000001e4c048fd10
Event: 0.116 Thread 0x000001e4a41346a0 Thread added: 0x000001e4c0492c60
Event: 0.117 Thread 0x000001e4a41346a0 Thread added: 0x000001e4c04a9880
Event: 0.316 Thread 0x000001e4a41346a0 Thread added: 0x000001e4c048e960
Event: 0.326 Thread 0x000001e4a41346a0 Thread added: 0x000001e4c0490a30
Event: 3.276 Thread 0x000001e4a41346a0 Thread added: 0x000001e4c04910c0


Dynamic libraries:
0x00007ff672540000 - 0x00007ff67254e000 	C:\Program Files\Eclipse Adoptium\jdk-21.0.6.7-hotspot\bin\java.exe
0x00007ff8cdb80000 - 0x00007ff8cdd89000 	C:\Windows\SYSTEM32\ntdll.dll
0x00007ff8cbff0000 - 0x00007ff8cc0ad000 	C:\Windows\System32\KERNEL32.DLL
0x00007ff8cb520000 - 0x00007ff8cb8a4000 	C:\Windows\System32\KERNELBASE.dll
0x00007ff8cb1d0000 - 0x00007ff8cb2e1000 	C:\Windows\System32\ucrtbase.dll
0x00007ff8b60a0000 - 0x00007ff8b60be000 	C:\Program Files\Eclipse Adoptium\jdk-21.0.6.7-hotspot\bin\VCRUNTIME140.dll
0x00007ff8b6050000 - 0x00007ff8b6068000 	C:\Program Files\Eclipse Adoptium\jdk-21.0.6.7-hotspot\bin\jli.dll
0x00007ff8cd8e0000 - 0x00007ff8cda8d000 	C:\Windows\System32\USER32.dll
0x00007ff8cb0b0000 - 0x00007ff8cb0d6000 	C:\Windows\System32\win32u.dll
0x00007ff8cc700000 - 0x00007ff8cc72a000 	C:\Windows\System32\GDI32.dll
0x00007ff8cb8b0000 - 0x00007ff8cb9ce000 	C:\Windows\System32\gdi32full.dll
0x00007ff8cb010000 - 0x00007ff8cb0ad000 	C:\Windows\System32\msvcp_win.dll
0x00007ff8aef30000 - 0x00007ff8af1d5000 	C:\Windows\WinSxS\amd64_microsoft.windows.common-controls_6595b64144ccf1df_6.0.22000.120_none_9d947278b86cc467\COMCTL32.dll
0x00007ff8cc430000 - 0x00007ff8cc4d3000 	C:\Windows\System32\msvcrt.dll
0x00007ff8cda90000 - 0x00007ff8cdac1000 	C:\Windows\System32\IMM32.DLL
0x00007ff8c4150000 - 0x00007ff8c415c000 	C:\Program Files\Eclipse Adoptium\jdk-21.0.6.7-hotspot\bin\vcruntime140_1.dll
0x00007ff8987c0000 - 0x00007ff89884d000 	C:\Program Files\Eclipse Adoptium\jdk-21.0.6.7-hotspot\bin\msvcp140.dll
0x00007ff853a70000 - 0x00007ff854800000 	C:\Program Files\Eclipse Adoptium\jdk-21.0.6.7-hotspot\bin\server\jvm.dll
0x00007ff8cc730000 - 0x00007ff8cc7de000 	C:\Windows\System32\ADVAPI32.dll
0x00007ff8cd810000 - 0x00007ff8cd8ae000 	C:\Windows\System32\sechost.dll
0x00007ff8cb9d0000 - 0x00007ff8cbaf1000 	C:\Windows\System32\RPCRT4.dll
0x00007ff8cc7e0000 - 0x00007ff8cc84f000 	C:\Windows\System32\WS2_32.dll
0x00007ff8cad40000 - 0x00007ff8cad8d000 	C:\Windows\SYSTEM32\POWRPROF.dll
0x00007ff8bfd30000 - 0x00007ff8bfd63000 	C:\Windows\SYSTEM32\WINMM.dll
0x00007ff8b8e00000 - 0x00007ff8b8e0a000 	C:\Windows\SYSTEM32\VERSION.dll
0x00007ff8cad20000 - 0x00007ff8cad33000 	C:\Windows\SYSTEM32\UMPDC.dll
0x00007ff8ca040000 - 0x00007ff8ca058000 	C:\Windows\SYSTEM32\kernel.appcore.dll
0x00007ff8c01b0000 - 0x00007ff8c01ba000 	C:\Program Files\Eclipse Adoptium\jdk-21.0.6.7-hotspot\bin\jimage.dll
0x00007ff8c2960000 - 0x00007ff8c2b81000 	C:\Windows\SYSTEM32\DBGHELP.DLL
0x00007ff8b8340000 - 0x00007ff8b8371000 	C:\Windows\SYSTEM32\dbgcore.DLL
0x00007ff8cb150000 - 0x00007ff8cb1cf000 	C:\Windows\System32\bcryptPrimitives.dll
0x00007ff8b21b0000 - 0x00007ff8b21cf000 	C:\Program Files\Eclipse Adoptium\jdk-21.0.6.7-hotspot\bin\java.dll
0x00007ff8cc8c0000 - 0x00007ff8cd085000 	C:\Windows\System32\SHELL32.dll
0x00007ff8c8f40000 - 0x00007ff8c97a2000 	C:\Windows\SYSTEM32\windows.storage.dll
0x00007ff8cc0b0000 - 0x00007ff8cc426000 	C:\Windows\System32\combase.dll
0x00007ff8c8dd0000 - 0x00007ff8c8f37000 	C:\Windows\SYSTEM32\wintypes.dll
0x00007ff8cd090000 - 0x00007ff8cd17a000 	C:\Windows\System32\SHCORE.dll
0x00007ff8cd7a0000 - 0x00007ff8cd7fd000 	C:\Windows\System32\shlwapi.dll
0x00007ff8caf40000 - 0x00007ff8caf65000 	C:\Windows\SYSTEM32\profapi.dll
0x00007ff890a10000 - 0x00007ff890ae7000 	C:\Program Files\Eclipse Adoptium\jdk-21.0.6.7-hotspot\bin\jsvml.dll
0x00007ff8b4c70000 - 0x00007ff8b4c80000 	C:\Program Files\Eclipse Adoptium\jdk-21.0.6.7-hotspot\bin\net.dll
0x00007ff8bf100000 - 0x00007ff8bf214000 	C:\Windows\SYSTEM32\WINHTTP.dll
0x00007ff8ca4e0000 - 0x00007ff8ca547000 	C:\Windows\system32\mswsock.dll
0x00007ff8b0fd0000 - 0x00007ff8b0fe6000 	C:\Program Files\Eclipse Adoptium\jdk-21.0.6.7-hotspot\bin\nio.dll
0x00007ff8b1f50000 - 0x00007ff8b1f68000 	C:\Program Files\Eclipse Adoptium\jdk-21.0.6.7-hotspot\bin\zip.dll

dbghelp: loaded successfully - version: 4.0.5 - missing functions: none
symbol engine: initialized successfully - sym options: 0x614 - pdb path: .;C:\Program Files\Eclipse Adoptium\jdk-21.0.6.7-hotspot\bin;C:\Windows\SYSTEM32;C:\Windows\WinSxS\amd64_microsoft.windows.common-controls_6595b64144ccf1df_6.0.22000.120_none_9d947278b86cc467;C:\Program Files\Eclipse Adoptium\jdk-21.0.6.7-hotspot\bin\server

VM Arguments:
jvm_args: -Dfile.encoding=UTF-8 -Duser.country=US -Duser.language=en -Duser.variant 
java_command: com.example.cleanshelf.CleanshelfApplication
java_class_path (initial): C:\Users\Zack Githui\IdeaProjects\cleanshelf\build\classes\java\main;C:\Users\Zack Githui\IdeaProjects\cleanshelf\build\resources\main;C:\Users\Zack Githui\.gradle\caches\modules-2\files-2.1\org.springframework.boot\spring-boot-starter-data-jpa\3.4.4\7e0ab04a0aa460295c7a2e485c7809a733469824\spring-boot-starter-data-jpa-3.4.4.jar;C:\Users\Zack Githui\.gradle\caches\modules-2\files-2.1\org.springframework.boot\spring-boot-starter-web\3.4.4\441c0c71f38783c1d34b8bac5f06f1fa6b103274\spring-boot-starter-web-3.4.4.jar;C:\Users\Zack Githui\.gradle\caches\modules-2\files-2.1\com.mysql\mysql-connector-j\9.1.0\5fb1d513278e1a9767dfa80ea9d8d7ee909f1a\mysql-connector-j-9.1.0.jar;C:\Users\Zack Githui\.gradle\caches\modules-2\files-2.1\org.springframework.boot\spring-boot-starter-jdbc\3.4.4\c1059487b20babd2e0552d285d64d3cb655d0c4d\spring-boot-starter-jdbc-3.4.4.jar;C:\Users\Zack Githui\.gradle\caches\modules-2\files-2.1\org.springframework.boot\spring-boot-starter-json\3.4.4\7f7ca72abcab50661b7b5d23f63b3bc2375bb2b3\spring-boot-starter-json-3.4.4.jar;C:\Users\Zack Githui\.gradle\caches\modules-2\files-2.1\org.springframework.boot\spring-boot-starter\3.4.4\6ad00ebe69a28a5c1c97f80f81920d65e0e4250b\spring-boot-starter-3.4.4.jar;C:\Users\Zack Githui\.gradle\caches\modules-2\files-2.1\org.hibernate.orm\hibernate-core\6.6.11.Final\d5330ab0dd5f5cc810086b7fb66cec8b2d2f5213\hibernate-core-6.6.11.Final.jar;C:\Users\Zack Githui\.gradle\caches\modules-2\files-2.1\org.springframework.data\spring-data-jpa\3.4.4\50f826d0dd60af289321bde6f5eea8fc48131c75\spring-data-jpa-3.4.4.jar;C:\Users\Zack Githui\.gradle\caches\modules-2\files-2.1\org.springframework\spring-aspects\6.2.5\971b57bb59d4890a3db5f1e20f89effa7df8c149\spring-aspects-6.2.5.jar;C:\Users\Zack Githui\.gradle\caches\modules-2\files-2.1\org.springframework.boot\spring-boot-starter-tomcat\3.4.4\4b18ac49cf13ef2c9a98418ebd8fc212a5259da9\spring-boot-starter-tomcat-3.4.4.jar;C:\Users\Zack Githui\.gradle\caches\modules-2\files-2.1\org.springframework\spring-webmvc\6.2.5\db8f1171041d7091f3de80cffdfb9d6c5fbf3015\spring-webmvc-6.2.5.jar;C:\Users\Zack Githui\.gradle\caches\modules-2\files-2.1\org.springframework\spring-web\6.2.5\b42d2c0acbe05bad4c849883aa8816c25b6c1d94\spring-web-6.2.5.jar;C:\Users\Zack Githui\.gradle\caches\modules-2\files-2.1\org.springframework.boot\spring-boot-autoconfigure\3.4.4\5ebc8c0682374768ee6eac9acf12f41e76762207\spring-boot-autoconfigure-3.4.4.jar;C:\Users\Zack Githui\.gradle\caches\modules-2\files-2.1\org.springframework.boot\spring-boot\3.4.4\f9dbe14c2e5e35a2cd27156802ea6b7c42ab34fd\spring-boot-3.4.4.jar;C:\Users\Zack Githui\.gradle\caches\modules-2\files-2.1\org.springframework.boot\spring-boot-starter-logging\3.4.4\1a7bbfd57e0b2d0bde8ffd6aa7a0ebd94e4b0aed\spring-boot-starter-logging-3.4.4.jar;C:\Users\Zack Githui\.gradle\caches\modules-2\files-2.1\jakarta.annotation\jakarta.annotation-api\2.1.1\48b9bda22b091b1f48b13af03fe36db3be6e1ae3\jakarta.annotation-api-2.1.1.jar;C:\Users\Zack Githui\.gradle\caches\modules-2\files-2.1\org.springframework\spring-orm\6.2.5\b2edc79b16b9cad32666dfdc8cc92896429b9c\spring-orm-6.2.5.jar;C:\Users\Zack Githui\.gradle\caches\modules-2\files-2.1\org.springframework\spring-jdbc\6.2.5\6eef7c5ac8266aa308522568d98669d82e8ef61f\spring-jdbc-6.2.5.jar;C:\Users\Zack Githui\.gradle\caches\modules-2\files-2.1\org.springframework.data\spring-data-commons\3.4.4\24bb91254820f1dd3087ae95667e9bb0a6942b23\spring-data-commons-3.4.4.jar;C:\Users\Zack Githui\.gradle\caches\modules-2\files-2.1\org.springframework\spring-context\6.2.5\237de0c3afca2099ab497cc7464726c02b8ab5c5\spring-context-6.2.5.jar;C:\Users\Zack Githui\.gradle\caches\modules-2\files-2.1\org.springframework\spring-aop\6.2.5\9f436be65bf45ee8643d93e6823d6c81e8f9f91a\spring-aop-6.2.5.jar;C:\Users\Zack Githui\.gradle\caches\modules-2\files-2.1\org.springframework\spring-tx\6.2.5\99ecc1c976f58ad63df7205e18eac628f2f1fa9a\spring-tx-6.2.5.jar;C:\Users\Zack Githui\.gradle\caches\modules-2\files-2.1\org.springframework\spring-beans\6.2.5\6f8eb671d9905da5a73bc9ab7e703e9fed6a0c3f\spring-beans-6.2.5.jar;C:\Users\Zack Githui\.gradle\caches\modules-2\files-2.1\org.springframework\spring-expression\6.2.5\cb39181911dabe3b3d9992c4b4da38468726ea72\spring-expression-6.2.5.jar;C:\Users\Zack Githui\.gradle\caches\modules-2\files-2.1\org.springframework\spring-core\6.2.5\d6786db7122037bf605e54e3b35f262a19b8d502\spring-core-6.2.5.jar;C:\Users\Zack Githui\.gradle\caches\modules-2\files-2.1\org.yaml\snakeyaml\2.3\936b36210e27320f920536f695cf1af210c44586\snakeyaml-2.3.jar;C:\Users\Zack Githui\.gradle\caches\modules-2\files-2.1\com.zaxxer\HikariCP\5.1.0\8c96e36c14461fc436bb02b264b96ef3ca5dca8c\HikariCP-5.1.0.jar;C:\Users\Zack Githui\.gradle\caches\modules-2\files-2.1\jakarta.persistence\jakarta.persistence-api\3.1.0\66901fa1c373c6aff65c13791cc11da72060a8d6\jakarta.persistence-api-3.1.0.jar;C:\Users\Zack Githui\.gradle\caches\modules-2\files-2.1\jakarta.transaction\jakarta.transaction-api\2.0.1\51a520e3fae406abb84e2e1148e6746ce3f80a1a\jakarta.transaction-api-2.0.1.jar;C:\Users\Zack Githui\.gradle\caches\modules-2\files-2.1\org.jboss.logging\jboss-logging\3.6.1.Final\886afbb445b4016a37c8960a7aef6ebd769ce7e5\jboss-logging-3.6.1.Final.jar;C:\Users\Zack Githui\.gradle\caches\modules-2\files-2.1\org.hibernate.common\hibernate-commons-annotations\7.0.3.Final\e183c4be8bb41d12e9f19b374e00c34a0a85f439\hibernate-commons-annotations-7.0.3.Final.jar;C:\Users\Zack Githui\.gradle\caches\modules-2\files-2.1\io.smallrye\jandex\3.2.0\f17ad860f62a08487b9edabde608f8ac55c62fa7\jandex-3.2.0.jar;C:\Users\Zack Githui\.gradle\caches\modules-2\files-2.1\com.fasterxml\classmate\1.7.0\e98374da1f2143ac8e6e0a95036994bb19137a3\classmate-1.7.0.jar;C:\Users\Zack Githui\.gradle\caches\modules-2\files-2.1\net.bytebuddy\byte-buddy\1.15.11\f61886478e0f9ee4c21d09574736f0ff45e0a46c\byte-buddy-1.15.11.jar;C:\Users\Zack Githui\.gradle\caches\modules-2\files-2.1\org.glassfish.jaxb\jaxb-runtime\4.0.5\ca84c2a7169b5293e232b9d00d1e4e36d4c3914a\jaxb-runtime-4.0.5.jar;C:\Users\Zack Githui\.gradle\caches\modules-2\files-2.1\org.glassfish.jaxb\jaxb-core\4.0.5\7b4b11ea5542eea4ad55e1080b23be436795b3\jaxb-core-4.0.5.jar;C:\Users\Zack Githui\.gradle\caches\modules-2\files-2.1\jakarta.xml.bind\jakarta.xml.bind-api\4.0.2\6cd5a999b834b63238005b7144136379dc36cad2\jakarta.xml.bind-api-4.0.2.jar;C:\Users\Zack Githui\.gradle\caches\modules-2\files-2.1\jakarta.inject\jakarta.inject-api\2.0.1\4c28afe1991a941d7702fe1362c365f0a8641d1e\jakarta.inject-api-2.0.1.jar;C:\Users\Zack Githui\.gradle\caches\modules-2\files-2.1\org.antlr\antlr4-runtime\4.13.0\5a02e48521624faaf5ff4d99afc88b01686af655\antlr4-runtime-4.13.0.jar;C:\Users\Zack Githui\.gradle\caches\modules-2\files-2.1\ch.qos.logback\logback-classic\1.5.18\fc371f3fc97a639de2d67947cffb7518ec5e3d40\logback-classic-1.5.18.jar;C:\Users\Zack Githui\.gradle\caches\modules-2\files-2.1\org.apache.logging.log4j\log4j-to-slf4j\2.24.3\da1143e2a2531ee1c2d90baa98eb50a28a39d5a7\log4j-to-slf4j-2.24.3.jar;C:\Users\Zack Githui\.gradle\caches\modules-2\files-2.1\org.slf4j\jul-to-slf4j\2.0.17\524cb6ccc2b68a57604750e1ab8b13b5a786a6aa\jul-to-slf4j-2.0.17.jar;C:\Users\Zack Githui\.gradle\caches\modules-2\files-2.1\org.slf4j\slf4j-api\2.0.17\d9e58ac9c7779ba3bf8142aff6c830617a7fe60f\slf4j-api-2.0.17.jar;C:\Users\Zack Githui\.gradle\caches\modules-2\files-2.1\org.aspectj\aspectjweaver\1.9.23\5b2fd88a62b334f51ac7d002b57dfccd68b22724\aspectjweaver-1.9.23.jar;C:\Users\Zack Githui\.gradle\caches\modules-2\files-2.1\com.fasterxml.jackson.datatype\jackson-datatype-jsr310\2.18.3\cc57924cccf42fc852081c36215272f84ffcd991\jackson-datatype-jsr310-2.18.3.jar;C:\Users\Zack Githui\.gradle\caches\modules-2\files-2.1\com.fasterxml.jackson.module\jackson-module-parameter-names\2.18.3\fa63ae5eb3956b1a6d7a7ead2b513af89dea22e7\jackson-module-parameter-names-2.18.3.jar;C:\Users\Zack Githui\.gradle\caches\modules-2\files-2.1\com.fasterxml.jackson.core\jackson-annotations\2.18.3\7fa21cf7da4598f8240e4ebd9779249622af1acd\jackson-annotations-2.18.3.jar;C:\Users\Zack Githui\.gradle\caches\modules-2\files-2.1\com.fasterxml.jackson.core\jackson-core\2.18.3\78f80c259268200e588aa204dd97ecf09b76916e\jackson-core-2.18.3.jar;C:\Users\Zack Githui\.gradle\caches\modules-2\files-2.1\com.fasterxml.jackson.datatype\jackson-datatype-jdk8\2.18.3\621558295660935134b171ce2b0d9ad6842ec2ff\jackson-datatype-jdk8-2.18.3.jar;C:\Users\Zack Githui\.gradle\caches\modules-2\files-2.1\com.fasterxml.jackson.core\jackson-databind\2.18.3\537e3886263e3b3464385040453e92567fd509e2\jackson-databind-2.18.3.jar;C:\Users\Zack Githui\.gradle\caches\modules-2\files-2.1\org.apache.tomcat.embed\tomcat-embed-websocket\10.1.39\abf50abbbae651f95dfcf9fae05f919bfa9b7046\tomcat-embed-websocket-10.1.39.jar;C:\Users\Zack Githui\.gradle\caches\modules-2\files-2.1\org.apache.tomcat.embed\tomcat-embed-core\10.1.39\f6acead04214d5aaea82c2639392208df33b3abe\tomcat-embed-core-10.1.39.jar;C:\Users\Zack Githui\.gradle\caches\modules-2\files-2.1\org.apache.tomcat.embed\tomcat-embed-el\10.1.39\88ff05c768c4654097ab0a9f2b49368a0877ad76\tomcat-embed-el-10.1.39.jar;C:\Users\Zack Githui\.gradle\caches\modules-2\files-2.1\io.micrometer\micrometer-observation\1.14.5\b23dff6bf07a29f67fdae8f3f3f8f1c78fa7b126\micrometer-observation-1.14.5.jar;C:\Users\Zack Githui\.gradle\caches\modules-2\files-2.1\org.springframework\spring-jcl\6.2.5\1b8db3715dc78bd18b60869458d5ee8829ad8e99\spring-jcl-6.2.5.jar;C:\Users\Zack Githui\.gradle\caches\modules-2\files-2.1\org.eclipse.angus\angus-activation\2.0.2\41f1e0ddd157c856926ed149ab837d110955a9fc\angus-activation-2.0.2.jar;C:\Users\Zack Githui\.gradle\caches\modules-2\files-2.1\jakarta.activation\jakarta.activation-api\2.1.3\fa165bd70cda600368eee31555222776a46b881f\jakarta.activation-api-2.1.3.jar;C:\Users\Zack Githui\.gradle\caches\modules-2\files-2.1\io.micrometer\micrometer-commons\1.14.5\6201a40489ccedc9539c5f7a2c84e9e64702bf10\micrometer-commons-1.14.5.jar;C:\Users\Zack Githui\.gradle\caches\modules-2\files-2.1\ch.qos.logback\logback-core\1.5.18\6c0375624f6f36b4e089e2488ba21334a11ef13f\logback-core-1.5.18.jar;C:\Users\Zack Githui\.gradle\caches\modules-2\files-2.1\org.apache.logging.log4j\log4j-api\2.24.3\b02c125db8b6d295adf72ae6e71af5d83bce2370\log4j-api-2.24.3.jar;C:\Users\Zack Githui\.gradle\caches\modules-2\files-2.1\org.glassfish.jaxb\txw2\4.0.5\f36a4ef12120a9bb06d766d6a0e54b144fd7ed98\txw2-4.0.5.jar;C:\Users\Zack Githui\.gradle\caches\modules-2\files-2.1\com.sun.istack\istack-commons-runtime\4.1.2\18ec117c85f3ba0ac65409136afa8e42bc74e739\istack-commons-runtime-4.1.2.jar
Launcher Type: SUN_STANDARD

[Global flags]
     intx CICompilerCount                          = 3                                         {product} {ergonomic}
     uint ConcGCThreads                            = 1                                         {product} {ergonomic}
     uint G1ConcRefinementThreads                  = 4                                         {product} {ergonomic}
   size_t G1HeapRegionSize                         = 1048576                                   {product} {ergonomic}
    uintx GCDrainStackTargetSize                   = 64                                        {product} {ergonomic}
   size_t InitialHeapSize                          = 134217728                                 {product} {ergonomic}
   size_t MarkStackSize                            = 4194304                                   {product} {ergonomic}
   size_t MaxHeapSize                              = 2118123520                                {product} {ergonomic}
   size_t MaxNewSize                               = 1270874112                                {product} {ergonomic}
   size_t MinHeapDeltaBytes                        = 1048576                                   {product} {ergonomic}
   size_t MinHeapSize                              = 8388608                                   {product} {ergonomic}
    uintx NonNMethodCodeHeapSize                   = 5832780                                {pd product} {ergonomic}
    uintx NonProfiledCodeHeapSize                  = 122912730                              {pd product} {ergonomic}
    uintx ProfiledCodeHeapSize                     = 122912730                              {pd product} {ergonomic}
    uintx ReservedCodeCacheSize                    = 251658240                              {pd product} {ergonomic}
     bool SegmentedCodeCache                       = true                                      {product} {ergonomic}
   size_t SoftMaxHeapSize                          = 2118123520                             {manageable} {ergonomic}
     bool UseCompressedOops                        = true                           {product lp64_product} {ergonomic}
     bool UseG1GC                                  = true                                      {product} {ergonomic}
     bool UseLargePagesIndividualAllocation        = false                                  {pd product} {ergonomic}

Logging:
Log output configuration:
 #0: stdout all=warning uptime,level,tags foldmultilines=false
 #1: stderr all=off uptime,level,tags foldmultilines=false

Environment Variables:
JAVA_HOME=C:\Program Files\Eclipse Adoptium\jdk-21.0.6.7-hotspot
PATH=C:\Program Files\Eclipse Adoptium\jdk-21.0.6.7-hotspot\bin;C:\Windows\system32;C:\Windows;C:\Windows\System32\Wbem;C:\Windows\System32\WindowsPowerShell\v1.0\;C:\Windows\System32\OpenSSH\;C:\Program Files\Git\cmd;C:\Users\zack githui\AppData\Local\Packages\PythonSoftwareFoundation.Python.3.12_qbz5n2kfra8p0\LocalCache\local-packages\Python312\;C:\Users\zack githui\AppData\Local\Packages\PythonSoftwareFoundation.Python.3.12_qbz5n2kfra8p0\LocalCache\local-packages\Python312\Scripts\;C:\Program Files\nodejs\;C:\Program Files\ngrok\;C:\Program Files\GitHub CLI\;C:\Users\Zack Githui\AppData\Local\Programs\Python\Launcher\;C:\Users\Zack Githui\AppData\Local\Microsoft\WindowsApps;C:\Users\Zack Githui\AppData\Local\Coursier\cache\arc\https\github.com\adoptium\temurin11-binaries\releases\download\jdk-11.0.24%252B8\OpenJDK11U-jdk_x64_windows_hotspot_11.0.24_8.zip\jdk-11.0.24+8\bin;C:\Users\Zack Githui\AppData\Local\Coursier\data\bin;C:\Users\Zack Githui\AppData\Local\JetBrains\Toolbox\scripts;C:\Users\Zack Githui\AppData\Local\Programs\Microsoft VS Code\bin;C:\Users\Zack Githui\AppData\Local\Microsoft\WinGet\Links;C:\Users\Zack Githui\AppData\Roaming\npm
USERNAME=Zack Githui
OS=Windows_NT
PROCESSOR_IDENTIFIER=Intel64 Family 6 Model 78 Stepping 3, GenuineIntel
TMP=C:\Users\ZACKGI~1\AppData\Local\Temp
TEMP=C:\Users\ZACKGI~1\AppData\Local\Temp




Periodic native trim disabled

---------------  S Y S T E M  ---------------

OS:
 Windows 11 , 64 bit Build 22000 (10.0.22000.2538)
OS uptime: 45 days 15:40 hours
Hyper-V role detected

CPU: total 4 (initial active 4) (2 cores per cpu, 2 threads per core) family 6 model 78 stepping 3 microcode 0xf0, cx8, cmov, fxsr, ht, mmx, 3dnowpref, sse, sse2, sse3, ssse3, sse4.1, sse4.2, popcnt, lzcnt, tsc, tscinvbit, avx, avx2, aes, erms, clmul, bmi1, bmi2, rtm, adx, fma, vzeroupper, clflush, clflushopt, hv, rdtscp, f16c
Processor Information for processor 0
  Max Mhz: 2496, Current Mhz: 2396, Mhz Limit: 2396
Processor Information for processor 1
  Max Mhz: 2496, Current Mhz: 2396, Mhz Limit: 2396
Processor Information for processor 2
  Max Mhz: 2496, Current Mhz: 1497, Mhz Limit: 2396
Processor Information for processor 3
  Max Mhz: 2496, Current Mhz: 2396, Mhz Limit: 2396

Memory: 4k page, system-wide physical 8072M (356M free)
TotalPageFile size 32648M (AvailPageFile size 2M)
current process WorkingSet (physical memory assigned to process): 125M, peak: 125M
current process commit charge ("private bytes"): 244M, peak: 246M

vm_info: OpenJDK 64-Bit Server VM (21.0.6+7-LTS) for windows-amd64 JRE (21.0.6+7-LTS), built on 2025-01-21T00:00:00Z by "admin" with MS VC++ 17.7 (VS2022)

END.
